<?xml version="1.0" encoding="utf-8"?><testsuites name="pytest tests"><testsuite name="pytest" errors="0" failures="0" skipped="0" tests="10" time="11.330" timestamp="2026-07-15T18:32:11.499607+00:00" hostname="agent-env-117fa4b8-3e3f-4a64-883b-0c99883566e1"><testcase classname="tests.test_outlets_scan.TestScan" name="test_lookup_student_full_payload" time="1.294" /><testcase classname="tests.test_outlets_scan.TestOutlets" name="test_list_outlets" time="1.157" /><testcase classname="tests.test_outlets_scan.TestOutlets" name="test_cities" time="0.076" /><testcase classname="tests.test_outlets_scan.TestOutlets" name="test_filter_by_city" time="0.125" /><testcase classname="tests.test_outlets_scan.TestScan" name="test_lookup_student_raw_number" time="0.880" /><testcase classname="tests.test_outlets_scan.TestOutlets" name="test_outlet_detail" time="0.749" /><testcase classname="tests.test_outlets_scan.TestOutletGate" name="test_outlet_gate_blocks_same_outlet" time="4.190" /><testcase classname="tests.test_outlets_scan.TestScan" name="test_lookup_coupon_raw_and_prefixed" time="2.481" /><testcase classname="tests.test_outlets_scan.TestScan" name="test_redeem_then_conflict" time="2.526" /><testcase classname="tests.test_outlets_scan.TestOutletGate" name="test_unrelated_outlet_offer_claimable" time="1.942" /></testsuite></testsuites>