<?xml version="1.0" encoding="utf-8"?><testsuites name="pytest tests"><testsuite name="pytest" errors="0" failures="0" skipped="0" tests="10" time="8.127" timestamp="2026-07-17T16:41:45.461969+00:00" hostname="agent-env-117fa4b8-3e3f-4a64-883b-0c99883566e1"><testcase classname="tests.test_iteration4.TestPasswordValidation" name="test_pw_too_short_returns_422" time="0.661" /><testcase classname="tests.test_iteration4.TestRegressionOTP" name="test_register_returns_dev_otp_when_email_fails" time="0.932" /><testcase classname="tests.test_iteration4.TestPasswordValidation" name="test_pw_missing_uppercase_returns_400" time="0.288" /><testcase classname="tests.test_iteration4.TestRegressionOTP" name="test_offers_returns_14_brand_offers" time="0.068" /><testcase classname="tests.test_iteration4.TestPasswordValidation" name="test_pw_missing_special_returns_400" time="0.096" /><testcase classname="tests.test_iteration4.TestRegressionOTP" name="test_admin_login" time="0.443" /><testcase classname="tests.test_iteration4.TestPasswordValidation" name="test_pw_valid_returns_200" time="1.346" /><testcase classname="tests.test_iteration4.TestReferralRewards" name="test_referral_flow_end_to_end" time="5.083" /><testcase classname="tests.test_iteration4.TestScanLookupExpandedCoupon" name="test_coupon_has_student_fields" time="2.650" /><testcase classname="tests.test_iteration4.TestReferralRewards" name="test_invalid_referral_code_returns_400" time="0.059" /></testsuite></testsuites>